  NP_hw3.cpp
e:\google drive\0.school\np\np2017\hw3\.other\winsock\np_hw3.cpp(70): warning C4018: '<': signed/unsigned 不相符
e:\google drive\0.school\np\np2017\hw3\.other\winsock\np_hw3.cpp(65): warning C4996: 'strcpy': This function or variable may be unsafe. Consider using strcpy_s instead. To disable deprecation, use _CRT_SECURE_NO_WARNINGS. See online help for details.
  c:\program files (x86)\windows kits\10\include\10.0.10240.0\ucrt\string.h(119): note: 請參閱 'strcpy' 的宣告
e:\google drive\0.school\np\np2017\hw3\.other\winsock\np_hw3.cpp(72): warning C4996: 'strcat': This function or variable may be unsafe. Consider using strcat_s instead. To disable deprecation, use _CRT_SECURE_NO_WARNINGS. See online help for details.
  c:\program files (x86)\windows kits\10\include\10.0.10240.0\ucrt\string.h(90): note: 請參閱 'strcat' 的宣告
e:\google drive\0.school\np\np2017\hw3\.other\winsock\np_hw3.cpp(74): warning C4996: 'strcat': This function or variable may be unsafe. Consider using strcat_s instead. To disable deprecation, use _CRT_SECURE_NO_WARNINGS. See online help for details.
  c:\program files (x86)\windows kits\10\include\10.0.10240.0\ucrt\string.h(90): note: 請參閱 'strcat' 的宣告
e:\google drive\0.school\np\np2017\hw3\.other\winsock\np_hw3.cpp(76): warning C4996: 'strcat': This function or variable may be unsafe. Consider using strcat_s instead. To disable deprecation, use _CRT_SECURE_NO_WARNINGS. See online help for details.
  c:\program files (x86)\windows kits\10\include\10.0.10240.0\ucrt\string.h(90): note: 請參閱 'strcat' 的宣告
e:\google drive\0.school\np\np2017\hw3\.other\winsock\np_hw3.cpp(78): warning C4996: 'strcat': This function or variable may be unsafe. Consider using strcat_s instead. To disable deprecation, use _CRT_SECURE_NO_WARNINGS. See online help for details.
  c:\program files (x86)\windows kits\10\include\10.0.10240.0\ucrt\string.h(90): note: 請參閱 'strcat' 的宣告
e:\google drive\0.school\np\np2017\hw3\.other\winsock\np_hw3.cpp(80): warning C4996: 'strcat': This function or variable may be unsafe. Consider using strcat_s instead. To disable deprecation, use _CRT_SECURE_NO_WARNINGS. See online help for details.
  c:\program files (x86)\windows kits\10\include\10.0.10240.0\ucrt\string.h(90): note: 請參閱 'strcat' 的宣告
e:\google drive\0.school\np\np2017\hw3\.other\winsock\np_hw3.cpp(84): warning C4996: 'strcpy': This function or variable may be unsafe. Consider using strcpy_s instead. To disable deprecation, use _CRT_SECURE_NO_WARNINGS. See online help for details.
  c:\program files (x86)\windows kits\10\include\10.0.10240.0\ucrt\string.h(119): note: 請參閱 'strcpy' 的宣告
e:\google drive\0.school\np\np2017\hw3\.other\winsock\np_hw3.cpp(88): warning C4996: 'sprintf': This function or variable may be unsafe. Consider using sprintf_s instead. To disable deprecation, use _CRT_SECURE_NO_WARNINGS. See online help for details.
  c:\program files (x86)\windows kits\10\include\10.0.10240.0\ucrt\stdio.h(1769): note: 請參閱 'sprintf' 的宣告
e:\google drive\0.school\np\np2017\hw3\.other\winsock\np_hw3.cpp(93): warning C4996: 'fopen': This function or variable may be unsafe. Consider using fopen_s instead. To disable deprecation, use _CRT_SECURE_NO_WARNINGS. See online help for details.
  c:\program files (x86)\windows kits\10\include\10.0.10240.0\ucrt\stdio.h(205): note: 請參閱 'fopen' 的宣告
e:\google drive\0.school\np\np2017\hw3\.other\winsock\np_hw3.cpp(138): warning C4996: 'strcpy': This function or variable may be unsafe. Consider using strcpy_s instead. To disable deprecation, use _CRT_SECURE_NO_WARNINGS. See online help for details.
  c:\program files (x86)\windows kits\10\include\10.0.10240.0\ucrt\string.h(119): note: 請參閱 'strcpy' 的宣告
e:\google drive\0.school\np\np2017\hw3\.other\winsock\np_hw3.cpp(154): warning C4996: 'sprintf': This function or variable may be unsafe. Consider using sprintf_s instead. To disable deprecation, use _CRT_SECURE_NO_WARNINGS. See online help for details.
  c:\program files (x86)\windows kits\10\include\10.0.10240.0\ucrt\stdio.h(1769): note: 請參閱 'sprintf' 的宣告
e:\google drive\0.school\np\np2017\hw3\.other\winsock\np_hw3.cpp(156): warning C4996: 'sprintf': This function or variable may be unsafe. Consider using sprintf_s instead. To disable deprecation, use _CRT_SECURE_NO_WARNINGS. See online help for details.
  c:\program files (x86)\windows kits\10\include\10.0.10240.0\ucrt\stdio.h(1769): note: 請參閱 'sprintf' 的宣告
e:\google drive\0.school\np\np2017\hw3\.other\winsock\np_hw3.cpp(158): warning C4996: 'sprintf': This function or variable may be unsafe. Consider using sprintf_s instead. To disable deprecation, use _CRT_SECURE_NO_WARNINGS. See online help for details.
  c:\program files (x86)\windows kits\10\include\10.0.10240.0\ucrt\stdio.h(1769): note: 請參閱 'sprintf' 的宣告
e:\google drive\0.school\np\np2017\hw3\.other\winsock\np_hw3.cpp(160): warning C4996: 'sprintf': This function or variable may be unsafe. Consider using sprintf_s instead. To disable deprecation, use _CRT_SECURE_NO_WARNINGS. See online help for details.
  c:\program files (x86)\windows kits\10\include\10.0.10240.0\ucrt\stdio.h(1769): note: 請參閱 'sprintf' 的宣告
e:\google drive\0.school\np\np2017\hw3\.other\winsock\np_hw3.cpp(162): warning C4996: 'sprintf': This function or variable may be unsafe. Consider using sprintf_s instead. To disable deprecation, use _CRT_SECURE_NO_WARNINGS. See online help for details.
  c:\program files (x86)\windows kits\10\include\10.0.10240.0\ucrt\stdio.h(1769): note: 請參閱 'sprintf' 的宣告
e:\google drive\0.school\np\np2017\hw3\.other\winsock\np_hw3.cpp(190): warning C4996: 'strtok': This function or variable may be unsafe. Consider using strtok_s instead. To disable deprecation, use _CRT_SECURE_NO_WARNINGS. See online help for details.
  c:\program files (x86)\windows kits\10\include\10.0.10240.0\ucrt\string.h(453): note: 請參閱 'strtok' 的宣告
e:\google drive\0.school\np\np2017\hw3\.other\winsock\np_hw3.cpp(192): warning C4996: 'strcpy': This function or variable may be unsafe. Consider using strcpy_s instead. To disable deprecation, use _CRT_SECURE_NO_WARNINGS. See online help for details.
  c:\program files (x86)\windows kits\10\include\10.0.10240.0\ucrt\string.h(119): note: 請參閱 'strcpy' 的宣告
e:\google drive\0.school\np\np2017\hw3\.other\winsock\np_hw3.cpp(193): warning C4996: 'strtok': This function or variable may be unsafe. Consider using strtok_s instead. To disable deprecation, use _CRT_SECURE_NO_WARNINGS. See online help for details.
  c:\program files (x86)\windows kits\10\include\10.0.10240.0\ucrt\string.h(453): note: 請參閱 'strtok' 的宣告
e:\google drive\0.school\np\np2017\hw3\.other\winsock\np_hw3.cpp(198): warning C4996: 'strtok': This function or variable may be unsafe. Consider using strtok_s instead. To disable deprecation, use _CRT_SECURE_NO_WARNINGS. See online help for details.
  c:\program files (x86)\windows kits\10\include\10.0.10240.0\ucrt\string.h(453): note: 請參閱 'strtok' 的宣告
e:\google drive\0.school\np\np2017\hw3\.other\winsock\np_hw3.cpp(199): warning C4996: 'strtok': This function or variable may be unsafe. Consider using strtok_s instead. To disable deprecation, use _CRT_SECURE_NO_WARNINGS. See online help for details.
  c:\program files (x86)\windows kits\10\include\10.0.10240.0\ucrt\string.h(453): note: 請參閱 'strtok' 的宣告
e:\google drive\0.school\np\np2017\hw3\.other\winsock\np_hw3.cpp(203): warning C4996: 'strcpy': This function or variable may be unsafe. Consider using strcpy_s instead. To disable deprecation, use _CRT_SECURE_NO_WARNINGS. See online help for details.
  c:\program files (x86)\windows kits\10\include\10.0.10240.0\ucrt\string.h(119): note: 請參閱 'strcpy' 的宣告
e:\google drive\0.school\np\np2017\hw3\.other\winsock\np_hw3.cpp(206): warning C4996: 'strcpy': This function or variable may be unsafe. Consider using strcpy_s instead. To disable deprecation, use _CRT_SECURE_NO_WARNINGS. See online help for details.
  c:\program files (x86)\windows kits\10\include\10.0.10240.0\ucrt\string.h(119): note: 請參閱 'strcpy' 的宣告
e:\google drive\0.school\np\np2017\hw3\.other\winsock\np_hw3.cpp(209): warning C4996: 'strcpy': This function or variable may be unsafe. Consider using strcpy_s instead. To disable deprecation, use _CRT_SECURE_NO_WARNINGS. See online help for details.
  c:\program files (x86)\windows kits\10\include\10.0.10240.0\ucrt\string.h(119): note: 請參閱 'strcpy' 的宣告
e:\google drive\0.school\np\np2017\hw3\.other\winsock\np_hw3.cpp(234): warning C4996: 'sprintf': This function or variable may be unsafe. Consider using sprintf_s instead. To disable deprecation, use _CRT_SECURE_NO_WARNINGS. See online help for details.
  c:\program files (x86)\windows kits\10\include\10.0.10240.0\ucrt\stdio.h(1769): note: 請參閱 'sprintf' 的宣告
e:\google drive\0.school\np\np2017\hw3\.other\winsock\np_hw3.cpp(267): warning C4996: 'strcpy': This function or variable may be unsafe. Consider using strcpy_s instead. To disable deprecation, use _CRT_SECURE_NO_WARNINGS. See online help for details.
  c:\program files (x86)\windows kits\10\include\10.0.10240.0\ucrt\string.h(119): note: 請參閱 'strcpy' 的宣告
e:\google drive\0.school\np\np2017\hw3\.other\winsock\np_hw3.cpp(282): warning C4996: 'fopen': This function or variable may be unsafe. Consider using fopen_s instead. To disable deprecation, use _CRT_SECURE_NO_WARNINGS. See online help for details.
  c:\program files (x86)\windows kits\10\include\10.0.10240.0\ucrt\stdio.h(205): note: 請參閱 'fopen' 的宣告
e:\google drive\0.school\np\np2017\hw3\.other\winsock\np_hw3.cpp(284): warning C4996: 'sprintf': This function or variable may be unsafe. Consider using sprintf_s instead. To disable deprecation, use _CRT_SECURE_NO_WARNINGS. See online help for details.
  c:\program files (x86)\windows kits\10\include\10.0.10240.0\ucrt\stdio.h(1769): note: 請參閱 'sprintf' 的宣告
e:\google drive\0.school\np\np2017\hw3\.other\winsock\np_hw3.cpp(432): warning C4996: 'sprintf': This function or variable may be unsafe. Consider using sprintf_s instead. To disable deprecation, use _CRT_SECURE_NO_WARNINGS. See online help for details.
  c:\program files (x86)\windows kits\10\include\10.0.10240.0\ucrt\stdio.h(1769): note: 請參閱 'sprintf' 的宣告
e:\google drive\0.school\np\np2017\hw3\.other\winsock\np_hw3.cpp(446): warning C4996: 'sscanf': This function or variable may be unsafe. Consider using sscanf_s instead. To disable deprecation, use _CRT_SECURE_NO_WARNINGS. See online help for details.
  c:\program files (x86)\windows kits\10\include\10.0.10240.0\ucrt\stdio.h(2254): note: 請參閱 'sscanf' 的宣告
e:\google drive\0.school\np\np2017\hw3\.other\winsock\np_hw3.cpp(306): warning C4101: 'SocketInfo': 未參考的區域變數
e:\google drive\0.school\np\np2017\hw3\.other\winsock\np_hw3.cpp(307): warning C4101: 'RecvBytes': 未參考的區域變數
e:\google drive\0.school\np\np2017\hw3\.other\winsock\np_hw3.cpp(305): warning C4101: 'Accept': 未參考的區域變數
e:\google drive\0.school\np\np2017\hw3\.other\winsock\np_hw3.cpp(309): warning C4101: 'Flags': 未參考的區域變數
e:\google drive\0.school\np\np2017\hw3\.other\winsock\np_hw3.cpp(308): warning C4101: 'SendBytes': 未參考的區域變數
e:\google drive\0.school\np\np2017\hw3\.other\winsock\np_hw3.cpp(316): warning C4101: 'buff': 未參考的區域變數
e:\google drive\0.school\np\np2017\hw3\.other\winsock\np_hw3.cpp(311): warning C4101: 'temp': 未參考的區域變數
NP_hw3.obj : warning LNK4075: 忽略 '/EDITANDCONTINUE'，由於 '/SAFESEH' 規格
  NP_hw3.vcxproj -> E:\Google Drive\0.school\NP\np2017\hw3\.other\winsock\Debug\NP_hw3.exe
